<?xml version="1.0" encoding="utf-8" standalone="no"?>
<!--This file represents the results of running a test suite-->
<test-results name="C:\Users\Administrateur\Desktop\storm-tech-test-master\Storm.InterviewTest.Hearthstone.Tests\bin\Debug\Storm.InterviewTest.Hearthstone.Tests.dll" total="3" errors="0" failures="0" not-run="0" inconclusive="0" ignored="0" skipped="0" invalid="0" date="2017-03-01" time="12:04:04">
  <environment nunit-version="2.6.4.14350" clr-version="2.0.50727.5485" os-version="Microsoft Windows NT 6.1.7601 Service Pack 1" platform="Win32NT" cwd="C:\Program Files (x86)\NUnit 2.6.4\bin" machine-name="PHP-CND23500D9" user="Administrateur" user-domain="DOMDEFI" />
  <culture-info current-culture="fr-FR" current-uiculture="fr-FR" />
  <test-suite type="Assembly" name="C:\Users\Administrateur\Desktop\storm-tech-test-master\Storm.InterviewTest.Hearthstone.Tests\bin\Debug\Storm.InterviewTest.Hearthstone.Tests.dll" executed="True" result="Success" success="True" time="0.275" asserts="0">
    <results>
      <test-suite type="Namespace" name="Storm" executed="True" result="Success" success="True" time="0.264" asserts="0">
        <results>
          <test-suite type="Namespace" name="InterviewTest" executed="True" result="Success" success="True" time="0.263" asserts="0">
            <results>
              <test-suite type="Namespace" name="Hearthstone" executed="True" result="Success" success="True" time="0.263" asserts="0">
                <results>
                  <test-suite type="Namespace" name="Tests" executed="True" result="Success" success="True" time="0.262" asserts="0">
                    <results>
                      <test-suite type="Namespace" name="Queries" executed="True" result="Success" success="True" time="0.262" asserts="0">
                        <results>
                          <test-suite type="TestFixture" name="WhenSearchingHearthstoneCardsWithSpecificQueryTerm" executed="True" result="Success" success="True" time="0.260" asserts="0">
                            <categories>
                              <category name="Cache" />
                            </categories>
                            <results>
                              <test-case name="Storm.InterviewTest.Hearthstone.Tests.Queries.WhenSearchingHearthstoneCardsWithSpecificQueryTerm.ShouldReturnExpectedCaseSearchResults" executed="True" result="Success" success="True" time="0.234" asserts="3" />
                              <test-case name="Storm.InterviewTest.Hearthstone.Tests.Queries.WhenSearchingHearthstoneCardsWithSpecificQueryTerm.ShouldReturnExpectedNameSearchResults" executed="True" result="Success" success="True" time="0.003" asserts="2" />
                              <test-case name="Storm.InterviewTest.Hearthstone.Tests.Queries.WhenSearchingHearthstoneCardsWithSpecificQueryTerm.ShouldReturnExpectedTypeSearchResults" executed="True" result="Success" success="True" time="0.006" asserts="2" />
                            </results>
                          </test-suite>
                        </results>
                      </test-suite>
                    </results>
                  </test-suite>
                </results>
              </test-suite>
            </results>
          </test-suite>
        </results>
      </test-suite>
    </results>
  </test-suite>
</test-results>